<?xml version="1.0" encoding="UTF-8"?>
<!-- Generated by org.testng.reporters.JUnitReportReporter -->
<testsuite hostname="TYC1221031" failures="0" tests="3" name="sampleScripts.TestPriority" time="0.011" errors="0" timestamp="2022-10-27T07:27:06 IST" skipped="0">
  <testcase classname="sampleScripts.TestPriority" name="cat" time="0.007"/>
  <system-out/>
  <testcase classname="sampleScripts.TestPriority" name="snake" time="0.002"/>
  <system-out/>
  <testcase classname="sampleScripts.TestPriority" name="dog" time="0.002"/>
  <system-out/>
</testsuite> <!-- sampleScripts.TestPriority -->
