<?xml version="1.0" encoding="UTF-8"?>
<!-- Generated by org.testng.reporters.JUnitReportReporter -->
<testsuite hostname="TYC1221031" failures="0" tests="3" name="sampleScripts.TestNGannotations" time="0.009" errors="0" timestamp="2022-10-28T07:29:33 IST" skipped="0">
  <testcase classname="sampleScripts.TestNGannotations" name="Test2" time="0.002"/>
  <system-out/>
  <testcase classname="sampleScripts.TestNGannotations" name="Test3" time="0.002"/>
  <system-out/>
  <testcase classname="sampleScripts.TestNGannotations" name="Test1" time="0.005"/>
  <system-out/>
</testsuite> <!-- sampleScripts.TestNGannotations -->
