<?xml version="1.0" encoding="UTF-8"?>
<!-- Generated by org.testng.reporters.JUnitReportReporter -->
<testsuite hostname="TYC1221031" failures="0" tests="2" name="sampleScripts.TestNGExample2" time="14.173" errors="0" timestamp="2022-10-26T08:38:13 IST" skipped="0">
  <testcase classname="sampleScripts.TestNGExample2" name="instagramLogin" time="7.410"/>
  <system-out>
insta  </system-out>
  <testcase classname="sampleScripts.TestNGExample2" name="vtiger" time="6.763"/>
  <system-out>
vtiger  </system-out>
</testsuite> <!-- sampleScripts.TestNGExample2 -->
