<?xml version="1.0" encoding="UTF-8"?>
<!-- Generated by org.testng.reporters.JUnitReportReporter -->
<testsuite hostname="TYC1221031" failures="0" tests="3" name="sampleScripts.HandlingFrames" time="26.340" errors="0" timestamp="2022-10-26T08:09:46 IST" skipped="0">
  <testcase classname="sampleScripts.HandlingFrames" name="test2" time="8.164"/>
  <system-out/>
  <testcase classname="sampleScripts.HandlingFrames" name="test3" time="14.013"/>
  <system-out/>
  <testcase classname="sampleScripts.HandlingFrames" name="test1" time="4.163"/>
  <system-out/>
</testsuite> <!-- sampleScripts.HandlingFrames -->
